<?xml version="1.0" encoding="UTF-8"?>
<testng-results ignored="0" total="1" passed="1" failed="0" skipped="0">
  <reporter-output>
    <line>
      <![CDATA[Testing]]>
    </line>
  </reporter-output>
  <suite started-at="2025-03-09T10:13:00 IST" name="Suite" finished-at="2025-03-09T10:13:00 IST" duration-ms="67">
    <groups>
    </groups>
    <test started-at="2025-03-09T10:13:00 IST" name="Test" finished-at="2025-03-09T10:13:00 IST" duration-ms="67">
      <class name="com.tissolve.testscript.ChatsModule">
        <test-method signature="testing()[pri:0, instance:com.tissolve.testscript.ChatsModule@4b29d1d2]" started-at="2025-03-09T10:13:00 IST" name="testing" finished-at="2025-03-09T10:13:00 IST" duration-ms="25" status="PASS">
          <reporter-output>
            <line>
              <![CDATA[Testing]]>
            </line>
          </reporter-output>
        </test-method> <!-- testing -->
      </class> <!-- com.tissolve.testscript.ChatsModule -->
    </test> <!-- Test -->
  </suite> <!-- Suite -->
</testng-results>
